2022-06-05 15:46:48.747  INFO 21452 --- [main] c.sdut.covid19.Covid19ApplicationTests   : Starting Covid19ApplicationTests using Java 1.8.0_261 on LAPTOP-6U8QOKK1 with PID 21452 (started by xiaoping in C:\Users\xiaoping\Desktop\covid\covid19\covid19)
2022-06-05 15:46:48.754  INFO 21452 --- [main] c.sdut.covid19.Covid19ApplicationTests   : No active profile set, falling back to 1 default profile: "default"
2022-06-05 15:46:55.118  INFO 21452 --- [main] o.s.s.web.DefaultSecurityFilterChain     : Will secure any request with [org.springframework.security.web.context.request.async.WebAsyncManagerIntegrationFilter@7b676112, org.springframework.security.web.context.SecurityContextPersistenceFilter@46aa712c, org.springframework.security.web.header.HeaderWriterFilter@544e8149, org.springframework.security.web.authentication.logout.LogoutFilter@10c72a6f, org.springframework.security.web.authentication.UsernamePasswordAuthenticationFilter@77865933, org.springframework.security.web.authentication.ui.DefaultLoginPageGeneratingFilter@2b960a7, org.springframework.security.web.authentication.ui.DefaultLogoutPageGeneratingFilter@5578be42, org.springframework.security.web.savedrequest.RequestCacheAwareFilter@7412ed6b, org.springframework.security.web.servletapi.SecurityContextHolderAwareRequestFilter@26d41711, org.springframework.security.web.authentication.AnonymousAuthenticationFilter@4e49ce2b, org.springframework.security.web.session.SessionManagementFilter@1a96d94c, org.springframework.security.web.access.ExceptionTranslationFilter@19a64eae, org.springframework.security.web.access.intercept.FilterSecurityInterceptor@7a360554]
2022-06-05 15:46:56.360  INFO 21452 --- [main] c.sdut.covid19.Covid19ApplicationTests   : Started Covid19ApplicationTests in 8.227 seconds (JVM running for 9.794)
2022-06-05 15:46:56.910  INFO 21452 --- [main] com.zaxxer.hikari.HikariDataSource       : HikariPool-1 - Starting...
2022-06-05 15:46:59.020  INFO 21452 --- [main] com.zaxxer.hikari.HikariDataSource       : HikariPool-1 - Start completed.
2022-06-05 15:46:59.280  INFO 21452 --- [SpringApplicationShutdownHook] com.zaxxer.hikari.HikariDataSource       : HikariPool-1 - Shutdown initiated...
2022-06-05 15:46:59.299  INFO 21452 --- [SpringApplicationShutdownHook] com.zaxxer.hikari.HikariDataSource       : HikariPool-1 - Shutdown completed.
2022-06-05 19:38:11.769  INFO 23448 --- [main] c.sdut.covid19.Covid19ApplicationTests   : Starting Covid19ApplicationTests using Java 1.8.0_261 on LAPTOP-6U8QOKK1 with PID 23448 (started by xiaoping in C:\Users\xiaoping\Desktop\covid\covid19\covid19)
2022-06-05 19:38:11.771  INFO 23448 --- [main] c.sdut.covid19.Covid19ApplicationTests   : No active profile set, falling back to 1 default profile: "default"
2022-06-05 19:38:18.210  INFO 23448 --- [main] o.s.s.web.DefaultSecurityFilterChain     : Will secure any request with [org.springframework.security.web.context.request.async.WebAsyncManagerIntegrationFilter@424de326, org.springframework.security.web.context.SecurityContextPersistenceFilter@5f254608, org.springframework.security.web.header.HeaderWriterFilter@b9a77c8, org.springframework.security.web.authentication.logout.LogoutFilter@26d41711, org.springframework.security.web.authentication.UsernamePasswordAuthenticationFilter@6192a5d5, org.springframework.security.web.authentication.ui.DefaultLoginPageGeneratingFilter@19a64eae, org.springframework.security.web.authentication.ui.DefaultLogoutPageGeneratingFilter@4bc33720, org.springframework.security.web.savedrequest.RequestCacheAwareFilter@1b1c538d, org.springframework.security.web.servletapi.SecurityContextHolderAwareRequestFilter@6cbd0674, org.springframework.security.web.authentication.AnonymousAuthenticationFilter@2dd0f797, org.springframework.security.web.session.SessionManagementFilter@6cd3ad8a, org.springframework.security.web.access.ExceptionTranslationFilter@1afd72ef, org.springframework.security.web.access.intercept.FilterSecurityInterceptor@70730db]
2022-06-05 19:38:19.478  INFO 23448 --- [main] c.sdut.covid19.Covid19ApplicationTests   : Started Covid19ApplicationTests in 8.122 seconds (JVM running for 9.595)
2022-06-05 19:38:19.950  INFO 23448 --- [main] com.zaxxer.hikari.HikariDataSource       : HikariPool-1 - Starting...
2022-06-05 19:38:21.808  INFO 23448 --- [main] com.zaxxer.hikari.HikariDataSource       : HikariPool-1 - Start completed.
2022-06-05 19:38:22.064  INFO 23448 --- [SpringApplicationShutdownHook] com.zaxxer.hikari.HikariDataSource       : HikariPool-1 - Shutdown initiated...
2022-06-05 19:38:22.088  INFO 23448 --- [SpringApplicationShutdownHook] com.zaxxer.hikari.HikariDataSource       : HikariPool-1 - Shutdown completed.
2022-06-05 19:44:32.742  INFO 11900 --- [main] c.sdut.covid19.Covid19ApplicationTests   : Starting Covid19ApplicationTests using Java 1.8.0_261 on LAPTOP-6U8QOKK1 with PID 11900 (started by xiaoping in C:\Users\xiaoping\Desktop\covid\covid19\covid19)
2022-06-05 19:44:32.744  INFO 11900 --- [main] c.sdut.covid19.Covid19ApplicationTests   : No active profile set, falling back to 1 default profile: "default"
2022-06-05 19:44:39.306  INFO 11900 --- [main] o.s.s.web.DefaultSecurityFilterChain     : Will secure any request with [org.springframework.security.web.context.request.async.WebAsyncManagerIntegrationFilter@3291b443, org.springframework.security.web.context.SecurityContextPersistenceFilter@6cbd0674, org.springframework.security.web.header.HeaderWriterFilter@2eeb0f9b, org.springframework.security.web.authentication.logout.LogoutFilter@2f4e40d7, org.springframework.security.web.authentication.UsernamePasswordAuthenticationFilter@7a360554, org.springframework.security.web.authentication.ui.DefaultLoginPageGeneratingFilter@2a869a16, org.springframework.security.web.authentication.ui.DefaultLogoutPageGeneratingFilter@671c4166, org.springframework.security.web.savedrequest.RequestCacheAwareFilter@19a64eae, org.springframework.security.web.servletapi.SecurityContextHolderAwareRequestFilter@7fb66650, org.springframework.security.web.authentication.AnonymousAuthenticationFilter@53d13cd4, org.springframework.security.web.session.SessionManagementFilter@1645f294, org.springframework.security.web.access.ExceptionTranslationFilter@75181b50, org.springframework.security.web.access.intercept.FilterSecurityInterceptor@33634f04]
2022-06-05 19:44:40.569  INFO 11900 --- [main] c.sdut.covid19.Covid19ApplicationTests   : Started Covid19ApplicationTests in 8.255 seconds (JVM running for 9.718)
2022-06-05 19:44:41.039  INFO 11900 --- [main] com.zaxxer.hikari.HikariDataSource       : HikariPool-1 - Starting...
2022-06-05 19:44:42.904  INFO 11900 --- [main] com.zaxxer.hikari.HikariDataSource       : HikariPool-1 - Start completed.
2022-06-05 19:44:43.150  INFO 11900 --- [SpringApplicationShutdownHook] com.zaxxer.hikari.HikariDataSource       : HikariPool-1 - Shutdown initiated...
2022-06-05 19:44:43.240  INFO 11900 --- [SpringApplicationShutdownHook] com.zaxxer.hikari.HikariDataSource       : HikariPool-1 - Shutdown completed.
2022-06-05 20:19:33.198  INFO 13072 --- [main] c.sdut.covid19.Covid19ApplicationTests   : Starting Covid19ApplicationTests using Java 1.8.0_261 on LAPTOP-6U8QOKK1 with PID 13072 (started by xiaoping in C:\Users\xiaoping\Desktop\covid\covid19\covid19)
2022-06-05 20:19:33.200  INFO 13072 --- [main] c.sdut.covid19.Covid19ApplicationTests   : No active profile set, falling back to 1 default profile: "default"
2022-06-05 20:19:40.483  INFO 13072 --- [main] o.s.s.web.DefaultSecurityFilterChain     : Will secure any request with [org.springframework.security.web.context.request.async.WebAsyncManagerIntegrationFilter@3722c145, org.springframework.security.web.context.SecurityContextPersistenceFilter@445bb139, org.springframework.security.web.header.HeaderWriterFilter@d277579, org.springframework.security.web.authentication.logout.LogoutFilter@46aa712c, org.springframework.security.web.authentication.UsernamePasswordAuthenticationFilter@6f1a16fe, org.springframework.security.web.authentication.ui.DefaultLoginPageGeneratingFilter@1b1c538d, org.springframework.security.web.authentication.ui.DefaultLogoutPageGeneratingFilter@4cbc2e3b, org.springframework.security.web.savedrequest.RequestCacheAwareFilter@7a81065e, org.springframework.security.web.servletapi.SecurityContextHolderAwareRequestFilter@5f254608, org.springframework.security.web.authentication.AnonymousAuthenticationFilter@2975a9e, org.springframework.security.web.session.SessionManagementFilter@378f002a, org.springframework.security.web.access.ExceptionTranslationFilter@1de9b505, org.springframework.security.web.access.intercept.FilterSecurityInterceptor@1937eaff]
2022-06-05 20:19:41.723  INFO 13072 --- [main] c.sdut.covid19.Covid19ApplicationTests   : Started Covid19ApplicationTests in 8.946 seconds (JVM running for 10.42)
2022-06-05 20:19:42.174  INFO 13072 --- [main] com.zaxxer.hikari.HikariDataSource       : HikariPool-1 - Starting...
2022-06-05 20:19:43.992  INFO 13072 --- [main] com.zaxxer.hikari.HikariDataSource       : HikariPool-1 - Start completed.
2022-06-05 20:19:44.285  INFO 13072 --- [SpringApplicationShutdownHook] com.zaxxer.hikari.HikariDataSource       : HikariPool-1 - Shutdown initiated...
2022-06-05 20:19:44.291  INFO 13072 --- [SpringApplicationShutdownHook] com.zaxxer.hikari.HikariDataSource       : HikariPool-1 - Shutdown completed.
2022-06-05 20:39:23.755  INFO 20440 --- [main] c.sdut.covid19.Covid19ApplicationTests   : Starting Covid19ApplicationTests using Java 1.8.0_261 on LAPTOP-6U8QOKK1 with PID 20440 (started by xiaoping in C:\Users\xiaoping\Desktop\covid\covid19\covid19)
2022-06-05 20:39:23.757  INFO 20440 --- [main] c.sdut.covid19.Covid19ApplicationTests   : No active profile set, falling back to 1 default profile: "default"
2022-06-05 20:39:30.798  INFO 20440 --- [main] o.s.s.web.DefaultSecurityFilterChain     : Will secure any request with [org.springframework.security.web.context.request.async.WebAsyncManagerIntegrationFilter@3291b443, org.springframework.security.web.context.SecurityContextPersistenceFilter@6cbd0674, org.springframework.security.web.header.HeaderWriterFilter@2eeb0f9b, org.springframework.security.web.authentication.logout.LogoutFilter@2f4e40d7, org.springframework.security.web.authentication.UsernamePasswordAuthenticationFilter@7a360554, org.springframework.security.web.authentication.ui.DefaultLoginPageGeneratingFilter@2a869a16, org.springframework.security.web.authentication.ui.DefaultLogoutPageGeneratingFilter@671c4166, org.springframework.security.web.savedrequest.RequestCacheAwareFilter@19a64eae, org.springframework.security.web.servletapi.SecurityContextHolderAwareRequestFilter@7fb66650, org.springframework.security.web.authentication.AnonymousAuthenticationFilter@53d13cd4, org.springframework.security.web.session.SessionManagementFilter@1645f294, org.springframework.security.web.access.ExceptionTranslationFilter@75181b50, org.springframework.security.web.access.intercept.FilterSecurityInterceptor@33634f04]
2022-06-05 20:39:32.089  INFO 20440 --- [main] c.sdut.covid19.Covid19ApplicationTests   : Started Covid19ApplicationTests in 8.75 seconds (JVM running for 10.589)
2022-06-05 20:39:32.580  INFO 20440 --- [main] com.zaxxer.hikari.HikariDataSource       : HikariPool-1 - Starting...
2022-06-05 20:39:34.389  INFO 20440 --- [main] com.zaxxer.hikari.HikariDataSource       : HikariPool-1 - Start completed.
2022-06-05 20:39:34.657  INFO 20440 --- [SpringApplicationShutdownHook] com.zaxxer.hikari.HikariDataSource       : HikariPool-1 - Shutdown initiated...
2022-06-05 20:39:34.703  INFO 20440 --- [SpringApplicationShutdownHook] com.zaxxer.hikari.HikariDataSource       : HikariPool-1 - Shutdown completed.
